<?xml version="1.0" encoding="UTF-8"?>
<testng-results ignored="0" total="1" passed="1" failed="0" skipped="0">
  <reporter-output>
  </reporter-output>
  <suite started-at="2022-12-04T18:44:16 CST" name="Default suite" finished-at="2022-12-04T18:44:16 CST" duration-ms="150">
    <groups>
    </groups>
    <test started-at="2022-12-04T18:44:16 CST" name="Default test" finished-at="2022-12-04T18:44:16 CST" duration-ms="150">
      <class name="ExampleGit.sampleProj.AppTest">
        <test-method signature="method1()[pri:0, instance:ExampleGit.sampleProj.AppTest@a38c7fe]" started-at="2022-12-04T18:44:16 CST" name="method1" finished-at="2022-12-04T18:44:16 CST" duration-ms="22" status="PASS">
          <reporter-output>
          </reporter-output>
        </test-method> <!-- method1 -->
      </class> <!-- ExampleGit.sampleProj.AppTest -->
    </test> <!-- Default test -->
  </suite> <!-- Default suite -->
</testng-results>
